make.exe all --print-data-base --no-builtin-variables --no-builtin-rules --question
make: *** No rule to make target 'all'.  Stop.
 
# GNU Make 4.3
# Built for Windows32
# Copyright (C) 1988-2020 Free Software Foundation, Inc.
# License GPLv3+: GNU GPL version 3 or later <http://gnu.org/licenses/gpl.html>
# This is free software: you are free to change and redistribute it.
# There is NO WARRANTY, to the extent permitted by law.

# Make data base, printed on Fri Feb 25 11:12:00 2022

# Variables

# environment
FPS_BROWSER_APP_PROFILE_STRING = Internet Explorer
# environment
SYSTEMDRIVE = C:
# environment
PYENV = C:\Users\ANknown\.pyenv\pyenv-win\
# environment
LC_ALL = C
# environment
USERPROFILE = C:\Users\ANknown
# environment
VBOX_MSI_INSTALL_PATH = C:\Program Files\Oracle\VirtualBox\
# environment
LOCALAPPDATA = C:\Users\ANknown\AppData\Local
# environment
VSCODE_IPC_HOOK_EXTHOST = \\.\pipe\vscode-ipc-252980d0-2d85-4e22-9276-e63be6ddd3a1-sock
# environment
VSCODE_CWD = C:\Users\ANknown\Documents\work\simba\property-yard\property-yard-frontend
# environment
CHOCOLATEYINSTALL = C:\ProgramData\chocolatey
# environment
SYSTEMROOT = C:\WINDOWS
# environment
PROCESSOR_LEVEL = 23
# environment
PSMODULEPATH = C:\Program Files\WindowsPowerShell\Modules;C:\WINDOWS\system32\WindowsPowerShell\v1.0\Modules
# default
MAKE_COMMAND := C:/ProgramData/chocolatey/lib/make/tools/install/bin/make.exe
# automatic
@D = $(patsubst %/,%,$(patsubst %\,%,$(dir $@)))
# environment
CHROME_CRASHPAD_PIPE_NAME = \\.\pipe\crashpad_20928_XUMADPBDKIXJPMVQ
# environment
FPS_BROWSER_USER_PROFILE_STRING = Default
# environment
VSCODE_HANDLES_UNCAUGHT_ERRORS = true
# default
.VARIABLES := 
# automatic
%D = $(patsubst %/,%,$(patsubst %\,%,$(dir $%)))
# automatic
^D = $(patsubst %/,%,$(patsubst %\,%,$(dir $^)))
# environment
VSCODE_LOG_STACK = false
# automatic
%F = $(notdir $%)
# environment
VSCODE_CODE_CACHE_PATH = C:\Users\ANknown\AppData\Roaming\Code\CachedData\f80445acd5a3dadef24aa209168452a3d97cc326
# environment
LANG = C
# default
.LOADED := 
# environment
TMP = C:\Users\ANknown\AppData\Local\Temp
# default
.INCLUDE_DIRS = .
# environment
PROCESSOR_ARCHITEW6432 = AMD64
# makefile
MAKEFLAGS = pqrR
# environment
ONEDRIVE = C:\Users\ANknown\OneDrive
# makefile
CURDIR := c:/Users/ANknown/Documents/work/simba/property-yard/property-yard-frontend
# environment
VSCODE_PIPE_LOGGING = true
# environment
APPLICATION_INSIGHTS_NO_DIAGNOSTIC_CHANNEL = 1
# automatic
*D = $(patsubst %/,%,$(patsubst %\,%,$(dir $*)))
# environment
PROGRAMFILES = C:\Program Files (x86)
# environment
MFLAGS = -pqrR
# default
.SHELLFLAGS := -c
# environment
ETHEREUM_SOCKET = \\.\pipe\geth.ipc
# environment
COMMONPROGRAMW6432 = C:\Program Files\Common Files
# automatic
+D = $(patsubst %/,%,$(patsubst %\,%,$(dir $+)))
# makefile
MAKEFILE_LIST := 
# automatic
@F = $(notdir $@)
# environment
VSCODE_VERBOSE_LOGGING = true
# environment
VSCODE_PID = 20928
# automatic
?D = $(patsubst %/,%,$(patsubst %\,%,$(dir $?)))
# environment
ONLINESERVICES = Online Services
# environment
C_EM64T_REDIST11 = C:\Program Files (x86)\Common Files\Intel\Shared Files\cpp\
# automatic
*F = $(notdir $*)
# automatic
<D = $(patsubst %/,%,$(patsubst %\,%,$(dir $<)))
# environment
VSCODE_NLS_CONFIG = {"locale":"en-us","availableLanguages":{},"_languagePackSupport":true}
# default
MAKE_HOST := Windows32
# environment
PROGRAMDATA = C:\ProgramData
# default
SHELL := sh.exe
# environment
HOMEPATH = \Users\ANknown
# default
MAKECMDGOALS := all
# environment
DRIVERDATA = C:\Windows\System32\Drivers\DriverData
# environment
COMSPEC = C:\WINDOWS\system32\cmd.exe
# environment
WINDIR = C:\WINDOWS
# environment
MAKELEVEL := 0
# default
MAKE = $(MAKE_COMMAND)
# environment
PATH = C:\Program Files (x86)\Common Files\Intel\Shared Files\cpp\bin\Intel64;C:\windows\system32;C:\windows;C:\windows\System32\Wbem;C:\windows\System32\WindowsPowerShell\v1.0\;C:\windows\System32\OpenSSH\;C:\Program Files (x86)\NVIDIA Corporation\PhysX\Common;C:\Program Files\NVIDIA Corporation\NVIDIA NvDLISR;C:\Program Files\Git\cmd;C:\Program Files\Docker\Docker\resources\bin;C:\ProgramData\DockerDesktop\version-bin;C:\Users\ANknown\Downloads\platform-tools_r31.0.2-windows\platform-tools;C:\Graddle\gradle-7.1\bin;C:\Program Files\wkhtmltopdf\bin;C:\Users\ANknown\Downloads\ngrok-stable-windows-amd64;C:\Program Files\MongoDB\Server\4.4\bin;C:\Program Files\PuTTY\;C:\Program Files\Java\jdk1.8.0_301\bin;C:\Users\ANknown\Downloads\trid_w32;C:\Users\ANknown\Documents\flutter\flutter_windows_2.2.3-stable\flutter\bin;C:\WINDOWS\system32;C:\WINDOWS;C:\WINDOWS\System32\Wbem;C:\WINDOWS\System32\WindowsPowerShell\v1.0\;C:\WINDOWS\System32\OpenSSH\;C:\Program Files\dotnet\;C:\Program Files\Microsoft SQL Server\130\Tools\Binn\;C:\Program Files\Microsoft SQL Server\Client SDK\ODBC\170\Tools\Binn\;C:\Users\ANknown\Downloads\chromedriver_win32\;C:\ProgramData\chocolatey\bin;C:\Program Files\CMake\bin;C:\Program Files\Geth;C:\Users\ANknown\AppData\Roaming\nvm;C:\Program Files\nodejs;C:\Program Files\Amazon\AWSCLIV2\;C:\Program Files (x86)\Elm Platform\0.18\bin;C:\Users\ANknown\.pyenv\pyenv-win\bin;C:\Users\ANknown\.pyenv\pyenv-win\shims;C:\Users\ANknown\.poetry\bin;C:\Users\ANknown\AppData\Local\Microsoft\WindowsApps;C:\Users\ANknown\AppData\Local\Programs\Microsoft VS Code\bin;C:\Program Files\JetBrains\PyCharm Community Edition 2021.1.1\bin;C:\Users\ANknown\AppData\Local\GitHubDesktop\bin;C:\Users\ANknown\AppData\Roaming\npm;C:\Users\ANknown\.dotnet\tools;C:\Users\ANknown\Downloads\dartsdk-windows-x64-release\dart-sdk\bin;C:\Users\ANknown\Downloads\chromedriver_win32\;C:\Program Files\OpenSSL-Win64\bin;C:\Users\ANknown\AppData\Roaming\nvm;C:\Program Files\nodejs
# environment
COMPUTERNAME = LAPTOP-LEB09UO0
# default
MAKEFILES := 
# automatic
^F = $(notdir $^)
# environment
PROMPT = $P$G
# environment
OPENSSL_CONF = C:\Program Files\OpenSSL-Win64\bin\openssl.cfg
# environment
CHOCOLATEYLASTPATHUPDATE = 132877518602801205
# environment
LOGONSERVER = \\LAPTOP-LEB09UO0
# environment
VSCODE_LOG_NATIVE = false
# environment
USERNAME = ANknown
# environment
COMMONPROGRAMFILES = C:\Program Files (x86)\Common Files
# automatic
?F = $(notdir $?)
# environment
PROGRAMW6432 = C:\Program Files
# environment
PATHEXT = .COM;.EXE;.BAT;.CMD;.VBS;.VBE;.JS;.JSE;.WSF;.WSH;.MSC;.PY;.PYW
# automatic
+F = $(notdir $+)
# environment
ORIGINAL_XDG_CURRENT_DESKTOP = undefined
# environment
USERDOMAIN = LAPTOP-LEB09UO0
# 'override' directive
GNUMAKEFLAGS := 
# environment
OS = Windows_NT
# environment
AMDRMSDKPATH = C:\Program Files\AMD\RyzenMasterSDK\
# makefile
.DEFAULT_GOAL := 
# environment
NVM_HOME = C:\Users\ANknown\AppData\Roaming\nvm
# default
MAKE_VERSION := 4.3
# environment
PLATFORMCODE = KV
# environment
PROGRAMFILES(X86) = C:\Program Files (x86)
# environment
USERDOMAIN_ROAMINGPROFILE = LAPTOP-LEB09UO0
# environment
NUMBER_OF_PROCESSORS = 12
# environment
PUBLIC = C:\Users\Public
# environment
APPDATA = C:\Users\ANknown\AppData\Roaming
# environment
HOMEDRIVE = C:
# environment
NVM_SYMLINK = C:\Program Files\nodejs
# environment
PROCESSOR_ARCHITECTURE = x86
# environment
PYCHARM COMMUNITY EDITION = C:\Program Files\JetBrains\PyCharm Community Edition 2021.1.1\bin;
# environment
VSCODE_AMD_ENTRYPOINT = vs/workbench/services/extensions/node/extensionHostProcess
# environment
COMMONPROGRAMFILES(X86) = C:\Program Files (x86)\Common Files
# environment
ELECTRON_RUN_AS_NODE = 1
# environment
TEMP = C:\Users\ANknown\AppData\Local\Temp
# environment
VSCODE_IPC_HOOK = \\.\pipe\b2d773be6338e82becdefe61751fac2d-1.64.2-main-sock
# default
.RECIPEPREFIX := 
# automatic
<F = $(notdir $<)
# default
SUFFIXES := 
# environment
ALLUSERSPROFILE = C:\ProgramData
# environment
SESSIONNAME = Console
# environment
VSCODE_CLI = 1
# environment
ELECTRON_NO_ATTACH_CONSOLE = 1
# default
.FEATURES := target-specific order-only second-expansion else-if shortest-stem undefine oneshell nocomment grouped-target extra-prereqs archives jobserver output-sync load
# environment
REGIONCODE = APJ
# environment
PROCESSOR_REVISION = 6001
# environment
PYENV_HOME = C:\Users\ANknown\.pyenv\pyenv-win\
# environment
PROCESSOR_IDENTIFIER = AMD64 Family 23 Model 96 Stepping 1, AuthenticAMD
# variable set hash-table stats:
# Load=111/1024=11%, Rehash=0, Collisions=11/135=8%

# Pattern-specific Variable Values

# No pattern-specific variable values.

# Directories

# . (key c:/Users/ANknown/Documents/work/simba/property-yard/property-yard-frontend, mtime 1645591911): 28 files, no impossibilities.

# 28 files, no impossibilities in 1 directories.

# Implicit Rules

# No implicit rules.

# Files

# Not a target:
Makefile:
#  Implicit rule search has been done.
#  File does not exist.
#  File has been updated.
#  Failed to be updated.

# Not a target:
.DEFAULT:
#  Implicit rule search has not been done.
#  Modification time never checked.
#  File has not been updated.

# Not a target:
all:
#  Command line target.
#  Implicit rule search has been done.
#  File does not exist.
#  File has not been updated.

# Not a target:
makefile:
#  Implicit rule search has been done.
#  File does not exist.
#  File has been updated.
#  Failed to be updated.

# Not a target:
makefile.mak:
#  Implicit rule search has been done.
#  File does not exist.
#  File has been updated.
#  Failed to be updated.

# Not a target:
GNUmakefile:
#  Implicit rule search has been done.
#  File does not exist.
#  File has been updated.
#  Failed to be updated.

# files hash-table stats:
# Load=7/1024=1%, Rehash=0, Collisions=0/16=0%
# VPATH Search Paths

# No 'vpath' search paths.

# No general ('VPATH' variable) s 
earch path.

# strcache buffers: 1 (0) / strings = 35 / storage = 401 B / avg = 11 B
# current buf: size = 8174 B / used = 401 B / count = 35 / avg = 11 B

# strcache performance: lookups = 38 / hit rate = 7%
# hash-table stats:
# Load=35/8192=0%, Rehash=0, Collisions=0/38=0%
# Finished Make data base on Fri Feb 25 11:12:00 2022

 
